[debug] [2022-04-27T08:03:33.795Z] ----------------------------------------------------------------------
[debug] [2022-04-27T08:03:33.805Z] Command:       /usr/local/bin/firebase /home/intern-sb/.cache/firebase/tools/lib/node_modules/firebase-tools/lib/bin/firebase init
[debug] [2022-04-27T08:03:33.807Z] CLI Version:   10.7.1
[debug] [2022-04-27T08:03:33.807Z] Platform:      linux
[debug] [2022-04-27T08:03:33.807Z] Node Version:  v12.18.1
[debug] [2022-04-27T08:03:33.810Z] Time:          Wed Apr 27 2022 13:33:33 GMT+0530 (India Standard Time)
[debug] [2022-04-27T08:03:33.810Z] ----------------------------------------------------------------------
[debug] 
[debug] [2022-04-27T08:03:34.136Z] > command requires scopes: ["email","openid","https://www.googleapis.com/auth/cloudplatformprojects.readonly","https://www.googleapis.com/auth/firebase","https://www.googleapis.com/auth/cloud-platform"]
[debug] [2022-04-27T08:03:34.137Z] > authorizing via signed-in user (gopimurugan120@gmail.com)
[info] 
     ######## #### ########  ######## ########     ###     ######  ########
     ##        ##  ##     ## ##       ##     ##  ##   ##  ##       ##
     ######    ##  ########  ######   ########  #########  ######  ######
     ##        ##  ##    ##  ##       ##     ## ##     ##       ## ##
     ##       #### ##     ## ######## ########  ##     ##  ######  ########

You're about to initialize a Firebase project in this directory:

  /home

Before we get started, keep in mind:

  * You are initializing within an existing Firebase project directory

[info] 
=== Project Setup
[info] 
[info] First, let's associate this project directory with a Firebase project.
[info] You can create multiple project aliases by running firebase use --add, 
[info] but for now we'll just set up a default project.
[info] 
[debug] [2022-04-27T08:24:10.404Z] Using project from CLI flag: mindgameprojectdemo
[debug] [2022-04-27T08:24:10.410Z] > refreshing access token with scopes: []
[debug] [2022-04-27T08:24:10.413Z] >>> HTTP REQUEST POST https://www.googleapis.com/oauth2/v3/token  
 <request body omitted>
[debug] [2022-04-27T08:24:10.629Z] <<< HTTP RESPONSE 200 {"date":"Wed, 27 Apr 2022 08:24:10 GMT","expires":"Mon, 01 Jan 1990 00:00:00 GMT","cache-control":"no-cache, no-store, max-age=0, must-revalidate","pragma":"no-cache","content-type":"application/json; charset=utf-8","vary":"X-Origin, Referer, Origin,Accept-Encoding","server":"scaffolding on HTTPServer2","x-xss-protection":"0","x-frame-options":"SAMEORIGIN","x-content-type-options":"nosniff","alt-svc":"h3=\":443\"; ma=2592000,h3-29=\":443\"; ma=2592000,h3-Q050=\":443\"; ma=2592000,h3-Q046=\":443\"; ma=2592000,h3-Q043=\":443\"; ma=2592000,quic=\":443\"; ma=2592000; v=\"46,43\"","accept-ranges":"none","transfer-encoding":"chunked"}
[debug] [2022-04-27T08:24:10.722Z] >>> [apiv2][query] GET https://firebase.googleapis.com/v1beta1/projects/mindgameprojectdemo [none]
[debug] [2022-04-27T08:24:11.275Z] <<< [apiv2][status] GET https://firebase.googleapis.com/v1beta1/projects/mindgameprojectdemo 200
[debug] [2022-04-27T08:24:11.276Z] <<< [apiv2][body] GET https://firebase.googleapis.com/v1beta1/projects/mindgameprojectdemo {"projectId":"mindgameprojectdemo","projectNumber":"349822043800","displayName":"mindGameProjectDemo","name":"projects/mindgameprojectdemo","resources":{"hostingSite":"mindgameprojectdemo","realtimeDatabaseInstance":"mindgameprojectdemo-default-rtdb"},"state":"ACTIVE"}
[info] i  Using project mindgameprojectdemo (mindGameProjectDemo) 
[info] 
=== Hosting Setup
[info] 
[info] Your public directory is the folder (relative to your project directory) that
[info] will contain Hosting assets to be uploaded with firebase deploy. If you
[info] have a build process for your assets, use your build's output directory.
[info] 
[debug] [2022-04-27T08:24:32.093Z] Error: EACCES: permission denied, open '/home/public/404.html'
    at Object.openSync (fs.js:458:3)
    at Object.openSync (pkg/prelude/bootstrap.js:505:32)
    at Object.writeFileSync (fs.js:1355:35)
    at Config.writeProjectFile (/home/intern-sb/.cache/firebase/tools/lib/node_modules/firebase-tools/lib/config.js:152:12)
    at /home/intern-sb/.cache/firebase/tools/lib/node_modules/firebase-tools/lib/config.js:175:22
    at processTicksAndRejections (internal/process/task_queues.js:97:5)
    at async doSetup (/home/intern-sb/.cache/firebase/tools/lib/node_modules/firebase-tools/lib/init/features/hosting/index.js:48:9)
    at async init (/home/intern-sb/.cache/firebase/tools/lib/node_modules/firebase-tools/lib/init/index.js:36:9)
[error] 
[error] Error: An unexpected error has occurred.
[debug] [2022-04-27T09:10:46.413Z] ----------------------------------------------------------------------
[debug] [2022-04-27T09:10:46.422Z] Command:       /usr/local/bin/node /home/intern-sb/.npm-global/bin/firebase init
[debug] [2022-04-27T09:10:46.425Z] CLI Version:   10.7.1
[debug] [2022-04-27T09:10:46.426Z] Platform:      linux
[debug] [2022-04-27T09:10:46.426Z] Node Version:  v16.15.0
[debug] [2022-04-27T09:10:46.429Z] Time:          Wed Apr 27 2022 14:40:46 GMT+0530 (India Standard Time)
[debug] [2022-04-27T09:10:46.430Z] ----------------------------------------------------------------------
[debug] 
[debug] [2022-04-27T09:10:46.757Z] > command requires scopes: ["email","openid","https://www.googleapis.com/auth/cloudplatformprojects.readonly","https://www.googleapis.com/auth/firebase","https://www.googleapis.com/auth/cloud-platform"]
[debug] [2022-04-27T09:10:46.759Z] > authorizing via signed-in user (gopimurugan120@gmail.com)
[info] 
     ######## #### ########  ######## ########     ###     ######  ########
     ##        ##  ##     ## ##       ##     ##  ##   ##  ##       ##
     ######    ##  ########  ######   ########  #########  ######  ######
     ##        ##  ##    ##  ##       ##     ## ##     ##       ## ##
     ##       #### ##     ## ######## ########  ##     ##  ######  ########

You're about to initialize a Firebase project in this directory:

  /home

Before we get started, keep in mind:

  * You are initializing within an existing Firebase project directory

[info] 
=== Project Setup
[info] 
[info] First, let's associate this project directory with a Firebase project.
[info] You can create multiple project aliases by running firebase use --add, 
[info] but for now we'll just set up a default project.
[info] 
[debug] [2022-04-27T09:10:57.524Z] Using project from CLI flag: mindgameprojectdemo
[debug] [2022-04-27T09:10:57.531Z] > refreshing access token with scopes: []
[debug] [2022-04-27T09:10:57.536Z] >>> HTTP REQUEST POST https://www.googleapis.com/oauth2/v3/token  
 <request body omitted>
[debug] [2022-04-27T09:10:57.850Z] <<< HTTP RESPONSE 200 {"pragma":"no-cache","date":"Wed, 27 Apr 2022 09:10:57 GMT","cache-control":"no-cache, no-store, max-age=0, must-revalidate","expires":"Mon, 01 Jan 1990 00:00:00 GMT","content-type":"application/json; charset=utf-8","vary":"X-Origin, Referer, Origin,Accept-Encoding","server":"scaffolding on HTTPServer2","x-xss-protection":"0","x-frame-options":"SAMEORIGIN","x-content-type-options":"nosniff","alt-svc":"h3=\":443\"; ma=2592000,h3-29=\":443\"; ma=2592000,h3-Q050=\":443\"; ma=2592000,h3-Q046=\":443\"; ma=2592000,h3-Q043=\":443\"; ma=2592000,quic=\":443\"; ma=2592000; v=\"46,43\"","accept-ranges":"none","transfer-encoding":"chunked"}
[debug] [2022-04-27T09:10:57.937Z] >>> [apiv2][query] GET https://firebase.googleapis.com/v1beta1/projects/mindgameprojectdemo [none]
[debug] [2022-04-27T09:10:58.470Z] <<< [apiv2][status] GET https://firebase.googleapis.com/v1beta1/projects/mindgameprojectdemo 200
[debug] [2022-04-27T09:10:58.471Z] <<< [apiv2][body] GET https://firebase.googleapis.com/v1beta1/projects/mindgameprojectdemo {"projectId":"mindgameprojectdemo","projectNumber":"349822043800","displayName":"mindGameProjectDemo","name":"projects/mindgameprojectdemo","resources":{"hostingSite":"mindgameprojectdemo","realtimeDatabaseInstance":"mindgameprojectdemo-default-rtdb"},"state":"ACTIVE"}
[info] i  Using project mindgameprojectdemo (mindGameProjectDemo) 
[info] 
=== Hosting Setup
[info] 
[info] Your public directory is the folder (relative to your project directory) that
[info] will contain Hosting assets to be uploaded with firebase deploy. If you
[info] have a build process for your assets, use your build's output directory.
[info] 
[info] i  Skipping write of public/404.html 
[debug] [2022-04-27T09:11:12.238Z] >>> [apiv2][query] GET https://www.gstatic.com/firebasejs/releases.json [none]
[debug] [2022-04-27T09:11:12.320Z] <<< [apiv2][status] GET https://www.gstatic.com/firebasejs/releases.json 200
[debug] [2022-04-27T09:11:12.321Z] <<< [apiv2][body] GET https://www.gstatic.com/firebasejs/releases.json {"current":{"version":"9.6.11","browserURL":"https://www.gstatic.com/firebasejs/9.6.11/firebase.js","packageURL":"https://www.gstatic.com/firebasejs/9.6.11/firebase.tgz"},"live":{"version":"9.6","browserURL":"https://www.gstatic.com/firebasejs/live/9.6/firebase.js","packageURL":"https://www.gstatic.com/firebasejs/live/9.6/firebase.tgz"},"components":{"analytics":"https://www.gstatic.com/firebasejs/9.6.11/firebase-analytics.js","app":"https://www.gstatic.com/firebasejs/9.6.11/firebase-app.js","app-check":"https://www.gstatic.com/firebasejs/9.6.11/firebase-app-check.js","auth":"https://www.gstatic.com/firebasejs/9.6.11/firebase-auth.js","auth/cordova":"https://www.gstatic.com/firebasejs/9.6.11/firebase-auth/cordova.js","auth/react-native":"https://www.gstatic.com/firebasejs/9.6.11/firebase-auth/react-native.js","functions":"https://www.gstatic.com/firebasejs/9.6.11/firebase-functions.js","firestore":"https://www.gstatic.com/firebasejs/9.6.11/firebase-firestore.js","firestore/lite":"https://www.gstatic.com/firebasejs/9.6.11/firebase-firestore/lite.js","storage":"https://www.gstatic.com/firebasejs/9.6.11/firebase-storage.js","performance":"https://www.gstatic.com/firebasejs/9.6.11/firebase-performance.js","remote-config":"https://www.gstatic.com/firebasejs/9.6.11/firebase-remote-config.js","messaging":"https://www.gstatic.com/firebasejs/9.6.11/firebase-messaging.js","messaging/sw":"https://www.gstatic.com/firebasejs/9.6.11/firebase-messaging/sw.js","database":"https://www.gstatic.com/firebasejs/9.6.11/firebase-database.js","firestore.memory":"https://www.gstatic.com/firebasejs/9.6.11/firebase-firestore.memory.js"}}
[info] i  Skipping write of public/index.html 
[info] 
[info] i  Writing configuration info to firebase.json... 
[debug] [2022-04-27T09:11:18.109Z] Error: EACCES: permission denied, open '/home/firebase.json'
    at Object.openSync (node:fs:585:3)
    at Object.writeFileSync (node:fs:2170:35)
    at Config.writeProjectFile (/home/intern-sb/.npm-global/lib/node_modules/firebase-tools/lib/config.js:152:12)
    at /home/intern-sb/.npm-global/lib/node_modules/firebase-tools/lib/commands/init.js:166:16
    at processTicksAndRejections (node:internal/process/task_queues:96:5)
[error] 
[error] Error: An unexpected error has occurred.
[debug] [2022-04-27T09:11:57.113Z] ----------------------------------------------------------------------
[debug] [2022-04-27T09:11:57.122Z] Command:       /usr/local/bin/node /home/intern-sb/.npm-global/bin/firebase init
[debug] [2022-04-27T09:11:57.125Z] CLI Version:   10.7.1
[debug] [2022-04-27T09:11:57.126Z] Platform:      linux
[debug] [2022-04-27T09:11:57.126Z] Node Version:  v16.15.0
[debug] [2022-04-27T09:11:57.128Z] Time:          Wed Apr 27 2022 14:41:57 GMT+0530 (India Standard Time)
[debug] [2022-04-27T09:11:57.129Z] ----------------------------------------------------------------------
[debug] 
[debug] [2022-04-27T09:11:57.440Z] > command requires scopes: ["email","openid","https://www.googleapis.com/auth/cloudplatformprojects.readonly","https://www.googleapis.com/auth/firebase","https://www.googleapis.com/auth/cloud-platform"]
[debug] [2022-04-27T09:11:57.442Z] > authorizing via signed-in user (gopimurugan120@gmail.com)
[info] 
     ######## #### ########  ######## ########     ###     ######  ########
     ##        ##  ##     ## ##       ##     ##  ##   ##  ##       ##
     ######    ##  ########  ######   ########  #########  ######  ######
     ##        ##  ##    ##  ##       ##     ## ##     ##       ## ##
     ##       #### ##     ## ######## ########  ##     ##  ######  ########

You're about to initialize a Firebase project in this directory:

  /home

Before we get started, keep in mind:

  * You are initializing within an existing Firebase project directory

[info] 
=== Project Setup
[info] 
[info] First, let's associate this project directory with a Firebase project.
[info] You can create multiple project aliases by running firebase use --add, 
[info] but for now we'll just set up a default project.
[info] 
[debug] [2022-04-27T09:12:03.615Z] Using project from CLI flag: mindgameprojectdemo
[debug] [2022-04-27T09:12:03.629Z] >>> [apiv2][query] GET https://firebase.googleapis.com/v1beta1/projects/mindgameprojectdemo [none]
[debug] [2022-04-27T09:12:04.223Z] <<< [apiv2][status] GET https://firebase.googleapis.com/v1beta1/projects/mindgameprojectdemo 200
[debug] [2022-04-27T09:12:04.224Z] <<< [apiv2][body] GET https://firebase.googleapis.com/v1beta1/projects/mindgameprojectdemo {"projectId":"mindgameprojectdemo","projectNumber":"349822043800","displayName":"mindGameProjectDemo","name":"projects/mindgameprojectdemo","resources":{"hostingSite":"mindgameprojectdemo","realtimeDatabaseInstance":"mindgameprojectdemo-default-rtdb"},"state":"ACTIVE"}
[info] i  Using project mindgameprojectdemo (mindGameProjectDemo) 
[info] 
=== Hosting Setup
[info] 
[info] Your public directory is the folder (relative to your project directory) that
[info] will contain Hosting assets to be uploaded with firebase deploy. If you
[info] have a build process for your assets, use your build's output directory.
[info] 
[info] i  Skipping write of public/404.html 
[debug] [2022-04-27T09:12:15.432Z] >>> [apiv2][query] GET https://www.gstatic.com/firebasejs/releases.json [none]
[debug] [2022-04-27T09:12:15.604Z] <<< [apiv2][status] GET https://www.gstatic.com/firebasejs/releases.json 200
[debug] [2022-04-27T09:12:15.605Z] <<< [apiv2][body] GET https://www.gstatic.com/firebasejs/releases.json {"current":{"version":"9.6.11","browserURL":"https://www.gstatic.com/firebasejs/9.6.11/firebase.js","packageURL":"https://www.gstatic.com/firebasejs/9.6.11/firebase.tgz"},"live":{"version":"9.6","browserURL":"https://www.gstatic.com/firebasejs/live/9.6/firebase.js","packageURL":"https://www.gstatic.com/firebasejs/live/9.6/firebase.tgz"},"components":{"analytics":"https://www.gstatic.com/firebasejs/9.6.11/firebase-analytics.js","app":"https://www.gstatic.com/firebasejs/9.6.11/firebase-app.js","app-check":"https://www.gstatic.com/firebasejs/9.6.11/firebase-app-check.js","auth":"https://www.gstatic.com/firebasejs/9.6.11/firebase-auth.js","auth/cordova":"https://www.gstatic.com/firebasejs/9.6.11/firebase-auth/cordova.js","auth/react-native":"https://www.gstatic.com/firebasejs/9.6.11/firebase-auth/react-native.js","functions":"https://www.gstatic.com/firebasejs/9.6.11/firebase-functions.js","firestore":"https://www.gstatic.com/firebasejs/9.6.11/firebase-firestore.js","firestore/lite":"https://www.gstatic.com/firebasejs/9.6.11/firebase-firestore/lite.js","storage":"https://www.gstatic.com/firebasejs/9.6.11/firebase-storage.js","performance":"https://www.gstatic.com/firebasejs/9.6.11/firebase-performance.js","remote-config":"https://www.gstatic.com/firebasejs/9.6.11/firebase-remote-config.js","messaging":"https://www.gstatic.com/firebasejs/9.6.11/firebase-messaging.js","messaging/sw":"https://www.gstatic.com/firebasejs/9.6.11/firebase-messaging/sw.js","database":"https://www.gstatic.com/firebasejs/9.6.11/firebase-database.js","firestore.memory":"https://www.gstatic.com/firebasejs/9.6.11/firebase-firestore.memory.js"}}
[info] i  Skipping write of public/index.html 
[info] 
[info] i  Writing configuration info to firebase.json... 
[debug] [2022-04-27T09:12:19.460Z] Error: EACCES: permission denied, open '/home/firebase.json'
    at Object.openSync (node:fs:585:3)
    at Object.writeFileSync (node:fs:2170:35)
    at Config.writeProjectFile (/home/intern-sb/.npm-global/lib/node_modules/firebase-tools/lib/config.js:152:12)
    at /home/intern-sb/.npm-global/lib/node_modules/firebase-tools/lib/commands/init.js:166:16
    at processTicksAndRejections (node:internal/process/task_queues:96:5)
[error] 
[error] Error: An unexpected error has occurred.
